<?xml version="1.0" encoding="UTF-8"?>
<testsuite name="se.seblin.solos.SudokuSolver.entity.SudokuTest" tests="1" skipped="0" failures="0" errors="0" timestamp="2020-04-20T18:11:52" hostname="DESKTOP-UF6QME7" time="0.024">
  <properties/>
  <testcase name="testToString()" classname="se.seblin.solos.SudokuSolver.entity.SudokuTest" time="0.024"/>
  <system-out><![CDATA[____________________
|?|?|?|?|?|?|?|?|?|?|
____________________
|?|?|?|?|?|?|?|?|?|?|
____________________
|?|?|?|?|?|?|?|?|?|?|
____________________
|?|?|?|?|?|?|?|?|?|?|
____________________
|?|?|?|?|?|?|?|?|?|?|
____________________
|?|?|?|?|?|?|?|?|?|?|
____________________
|?|?|?|?|?|?|?|?|?|?|
____________________
|?|?|?|?|?|?|?|?|?|?|
____________________
|?|?|?|?|?|?|?|?|?|?|
____________________
|?|?|?|?|?|?|?|?|?|?|
____________________

]]></system-out>
  <system-err><![CDATA[]]></system-err>
</testsuite>
