<?xml version="1.0" encoding="UTF-8"?>
<testsuite name="se.seblin.solos.SudokuSolver.entity.CellTest" tests="6" skipped="0" failures="0" errors="0" timestamp="2020-09-04T23:17:26" hostname="DESKTOP-UF6QME7" time="0.041">
  <properties/>
  <testcase name="testSetConstraintGetConstraint()" classname="se.seblin.solos.SudokuSolver.entity.CellTest" time="0.034"/>
  <testcase name="testVerifyCharinCharSetTRUE()" classname="se.seblin.solos.SudokuSolver.entity.CellTest" time="0.0"/>
  <testcase name="testVerifyCharinCharSetFALSE()" classname="se.seblin.solos.SudokuSolver.entity.CellTest" time="0.0"/>
  <testcase name="testGetCharSet()" classname="se.seblin.solos.SudokuSolver.entity.CellTest" time="0.001"/>
  <testcase name="testSetValueGetValue()" classname="se.seblin.solos.SudokuSolver.entity.CellTest" time="0.0"/>
  <testcase name="testIsEmpty()" classname="se.seblin.solos.SudokuSolver.entity.CellTest" time="0.001"/>
  <system-out><![CDATA[]]></system-out>
  <system-err><![CDATA[]]></system-err>
</testsuite>
